     1 00000000                                 [FORMAT "WCOFF"]
     2 00000000                                 [INSTRSET "i486p"]
     3 00000000                                 [OPTIMIZE 1]
     4 00000000                                 [OPTION 1]
     5 00000000                                 [BITS 32]
     6 00000000                                 	EXTERN	_init_gdtidt
     7 00000000                                 	EXTERN	_init_pic
     8 00000000                                 	EXTERN	_io_sti
     9 00000000                                 	EXTERN	_keyfifo
    10 00000000                                 	EXTERN	_fifo8_init
    11 00000000                                 	EXTERN	_mousefifo
    12 00000000                                 	EXTERN	_io_out8
    13 00000000                                 	EXTERN	_init_palette
    14 00000000                                 	EXTERN	_init_screen8
    15 00000000                                 	EXTERN	_init_mouse_cursor8
    16 00000000                                 	EXTERN	_putblock8_8
    17 00000000                                 	EXTERN	_sprintf
    18 00000000                                 	EXTERN	_putfonts8_asc
    19 00000000                                 	EXTERN	_io_cli
    20 00000000                                 	EXTERN	_fifo8_status
    21 00000000                                 	EXTERN	_fifo8_get
    22 00000000                                 	EXTERN	_boxfill8
    23 00000000                                 	EXTERN	_io_stihlt
    24 00000000                                 	EXTERN	_io_in8
    25 00000000                                 [FILE "bootpack.c"]
    26                                          [SECTION .data]
    27 00000000                                 LC0:
    28 00000000 28 25 64 2C 20 25 64 29 00      	DB	"(%d, %d)",0x00
    29 00000009                                 LC1:
    30 00000009 25 30 32 58 00                  	DB	"%02X",0x00
    31                                          [SECTION .text]
    32 00000000                                 	GLOBAL	_HariMain
    33 00000000                                 _HariMain:
    34 00000000 55                              	PUSH	EBP
    35 00000001 89 E5                           	MOV	EBP,ESP
    36 00000003 57                              	PUSH	EDI
    37 00000004 56                              	PUSH	ESI
    38 00000005 53                              	PUSH	EBX
    39 00000006 8D 9D FFFFFEC4                  	LEA	EBX,DWORD [-316+EBP]
    40 0000000C 81 EC 000001D0                  	SUB	ESP,464
    41 00000012 E8 [00000000]                   	CALL	_init_gdtidt
    42 00000017 E8 [00000000]                   	CALL	_init_pic
    43 0000001C E8 [00000000]                   	CALL	_io_sti
    44 00000021 8D 85 FFFFFEA4                  	LEA	EAX,DWORD [-348+EBP]
    45 00000027 50                              	PUSH	EAX
    46 00000028 6A 20                           	PUSH	32
    47 0000002A 68 [00000000]                   	PUSH	_keyfifo
    48 0000002F E8 [00000000]                   	CALL	_fifo8_init
    49 00000034 8D 85 FFFFFE24                  	LEA	EAX,DWORD [-476+EBP]
    50 0000003A 50                              	PUSH	EAX
    51 0000003B 68 00000080                     	PUSH	128
    52 00000040 68 [00000000]                   	PUSH	_mousefifo
    53 00000045 E8 [00000000]                   	CALL	_fifo8_init
    54 0000004A 68 000000F9                     	PUSH	249
    55 0000004F 6A 21                           	PUSH	33
    56 00000051 E8 [00000000]                   	CALL	_io_out8
    57 00000056 83 C4 20                        	ADD	ESP,32
    58 00000059 68 000000EF                     	PUSH	239
    59 0000005E 68 000000A1                     	PUSH	161
    60 00000063 E8 [00000000]                   	CALL	_io_out8
    61 00000068 E8 000001AD                     	CALL	_init_keyboard
    62 0000006D E8 [00000000]                   	CALL	_init_palette
    63 00000072 0F BF 05 00000FF6               	MOVSX	EAX,WORD [4086]
    64 00000079 50                              	PUSH	EAX
    65 0000007A 0F BF 05 00000FF4               	MOVSX	EAX,WORD [4084]
    66 00000081 50                              	PUSH	EAX
    67 00000082 FF 35 00000FF8                  	PUSH	DWORD [4088]
    68 00000088 E8 [00000000]                   	CALL	_init_screen8
    69 0000008D B9 00000002                     	MOV	ECX,2
    70 00000092 0F BF 05 00000FF4               	MOVSX	EAX,WORD [4084]
    71 00000099 8D 50 F0                        	LEA	EDX,DWORD [-16+EAX]
    72 0000009C 89 D0                           	MOV	EAX,EDX
    73 0000009E 99                              	CDQ
    74 0000009F F7 F9                           	IDIV	ECX
    75 000000A1 0F BF 15 00000FF6               	MOVSX	EDX,WORD [4086]
    76 000000A8 83 EA 2C                        	SUB	EDX,44
    77 000000AB 89 C7                           	MOV	EDI,EAX
    78 000000AD 89 D0                           	MOV	EAX,EDX
    79 000000AF 6A 0E                           	PUSH	14
    80 000000B1 99                              	CDQ
    81 000000B2 F7 F9                           	IDIV	ECX
    82 000000B4 53                              	PUSH	EBX
    83 000000B5 89 C6                           	MOV	ESI,EAX
    84 000000B7 E8 [00000000]                   	CALL	_init_mouse_cursor8
    85 000000BC 6A 10                           	PUSH	16
    86 000000BE 53                              	PUSH	EBX
    87 000000BF 8D 5D C4                        	LEA	EBX,DWORD [-60+EBP]
    88 000000C2 56                              	PUSH	ESI
    89 000000C3 57                              	PUSH	EDI
    90 000000C4 6A 10                           	PUSH	16
    91 000000C6 6A 10                           	PUSH	16
    92 000000C8 0F BF 05 00000FF4               	MOVSX	EAX,WORD [4084]
    93 000000CF 50                              	PUSH	EAX
    94 000000D0 FF 35 00000FF8                  	PUSH	DWORD [4088]
    95 000000D6 E8 [00000000]                   	CALL	_putblock8_8
    96 000000DB 83 C4 3C                        	ADD	ESP,60
    97 000000DE 56                              	PUSH	ESI
    98 000000DF 57                              	PUSH	EDI
    99 000000E0 68 [00000000]                   	PUSH	LC0
   100 000000E5 53                              	PUSH	EBX
   101 000000E6 E8 [00000000]                   	CALL	_sprintf
   102 000000EB 53                              	PUSH	EBX
   103 000000EC 6A 07                           	PUSH	7
   104 000000EE 6A 00                           	PUSH	0
   105 000000F0 6A 00                           	PUSH	0
   106 000000F2 0F BF 05 00000FF4               	MOVSX	EAX,WORD [4084]
   107 000000F9 50                              	PUSH	EAX
   108 000000FA FF 35 00000FF8                  	PUSH	DWORD [4088]
   109 00000100 E8 [00000000]                   	CALL	_putfonts8_asc
   110 00000105 83 C4 28                        	ADD	ESP,40
   111 00000108 E8 0000012E                     	CALL	_enable_mouse
   112 0000010D                                 L2:
   113 0000010D E8 [00000000]                   	CALL	_io_cli
   114 00000112 68 [00000000]                   	PUSH	_keyfifo
   115 00000117 E8 [00000000]                   	CALL	_fifo8_status
   116 0000011C 68 [00000000]                   	PUSH	_mousefifo
   117 00000121 89 C3                           	MOV	EBX,EAX
   118 00000123 E8 [00000000]                   	CALL	_fifo8_status
   119 00000128 8D 04 18                        	LEA	EAX,DWORD [EAX+EBX*1]
   120 0000012B 5B                              	POP	EBX
   121 0000012C 5E                              	POP	ESI
   122 0000012D 85 C0                           	TEST	EAX,EAX
   123 0000012F 0F 84 000000C9                  	JE	L11
   124 00000135 68 [00000000]                   	PUSH	_keyfifo
   125 0000013A E8 [00000000]                   	CALL	_fifo8_status
   126 0000013F 59                              	POP	ECX
   127 00000140 85 C0                           	TEST	EAX,EAX
   128 00000142 75 71                           	JNE	L12
   129 00000144 68 [00000000]                   	PUSH	_mousefifo
   130 00000149 E8 [00000000]                   	CALL	_fifo8_status
   131 0000014E 5A                              	POP	EDX
   132 0000014F 85 C0                           	TEST	EAX,EAX
   133 00000151 74 BA                           	JE	L2
   134 00000153 68 [00000000]                   	PUSH	_mousefifo
   135 00000158 E8 [00000000]                   	CALL	_fifo8_get
   136 0000015D 89 C3                           	MOV	EBX,EAX
   137 0000015F E8 [00000000]                   	CALL	_io_sti
   138 00000164 53                              	PUSH	EBX
   139 00000165 8D 5D C4                        	LEA	EBX,DWORD [-60+EBP]
   140 00000168 68 [00000009]                   	PUSH	LC1
   141 0000016D 53                              	PUSH	EBX
   142 0000016E E8 [00000000]                   	CALL	_sprintf
   143 00000173 6A 1F                           	PUSH	31
   144 00000175 6A 2F                           	PUSH	47
   145 00000177 6A 10                           	PUSH	16
   146 00000179 6A 20                           	PUSH	32
   147 0000017B 6A 0E                           	PUSH	14
   148 0000017D 0F BF 05 00000FF4               	MOVSX	EAX,WORD [4084]
   149 00000184 50                              	PUSH	EAX
   150 00000185 FF 35 00000FF8                  	PUSH	DWORD [4088]
   151 0000018B E8 [00000000]                   	CALL	_boxfill8
   152 00000190 83 C4 2C                        	ADD	ESP,44
   153 00000193 53                              	PUSH	EBX
   154 00000194 6A 07                           	PUSH	7
   155 00000196 6A 10                           	PUSH	16
   156 00000198 6A 20                           	PUSH	32
   157 0000019A                                 L10:
   158 0000019A 0F BF 05 00000FF4               	MOVSX	EAX,WORD [4084]
   159 000001A1 50                              	PUSH	EAX
   160 000001A2 FF 35 00000FF8                  	PUSH	DWORD [4088]
   161 000001A8 E8 [00000000]                   	CALL	_putfonts8_asc
   162 000001AD 83 C4 18                        	ADD	ESP,24
   163 000001B0 E9 FFFFFF58                     	JMP	L2
   164 000001B5                                 L12:
   165 000001B5 68 [00000000]                   	PUSH	_keyfifo
   166 000001BA E8 [00000000]                   	CALL	_fifo8_get
   167 000001BF 89 C3                           	MOV	EBX,EAX
   168 000001C1 E8 [00000000]                   	CALL	_io_sti
   169 000001C6 53                              	PUSH	EBX
   170 000001C7 8D 5D C4                        	LEA	EBX,DWORD [-60+EBP]
   171 000001CA 68 [00000009]                   	PUSH	LC1
   172 000001CF 53                              	PUSH	EBX
   173 000001D0 E8 [00000000]                   	CALL	_sprintf
   174 000001D5 6A 1F                           	PUSH	31
   175 000001D7 6A 0F                           	PUSH	15
   176 000001D9 6A 10                           	PUSH	16
   177 000001DB 6A 00                           	PUSH	0
   178 000001DD 6A 0E                           	PUSH	14
   179 000001DF 0F BF 05 00000FF4               	MOVSX	EAX,WORD [4084]
   180 000001E6 50                              	PUSH	EAX
   181 000001E7 FF 35 00000FF8                  	PUSH	DWORD [4088]
   182 000001ED E8 [00000000]                   	CALL	_boxfill8
   183 000001F2 83 C4 2C                        	ADD	ESP,44
   184 000001F5 53                              	PUSH	EBX
   185 000001F6 6A 07                           	PUSH	7
   186 000001F8 6A 10                           	PUSH	16
   187 000001FA 6A 00                           	PUSH	0
   188 000001FC EB 9C                           	JMP	L10
   189 000001FE                                 L11:
   190 000001FE E8 [00000000]                   	CALL	_io_stihlt
   191 00000203 E9 FFFFFF05                     	JMP	L2
   192 00000208                                 	GLOBAL	_wait_KBC_sendready
   193 00000208                                 _wait_KBC_sendready:
   194 00000208 55                              	PUSH	EBP
   195 00000209 89 E5                           	MOV	EBP,ESP
   196 0000020B                                 L14:
   197 0000020B 6A 64                           	PUSH	100
   198 0000020D E8 [00000000]                   	CALL	_io_in8
   199 00000212 5A                              	POP	EDX
   200 00000213 83 E0 02                        	AND	EAX,2
   201 00000216 75 F3                           	JNE	L14
   202 00000218 C9                              	LEAVE
   203 00000219 C3                              	RET
   204 0000021A                                 	GLOBAL	_init_keyboard
   205 0000021A                                 _init_keyboard:
   206 0000021A 55                              	PUSH	EBP
   207 0000021B 89 E5                           	MOV	EBP,ESP
   208 0000021D E8 FFFFFFE6                     	CALL	_wait_KBC_sendready
   209 00000222 6A 60                           	PUSH	96
   210 00000224 6A 64                           	PUSH	100
   211 00000226 E8 [00000000]                   	CALL	_io_out8
   212 0000022B E8 FFFFFFD8                     	CALL	_wait_KBC_sendready
   213 00000230 6A 47                           	PUSH	71
   214 00000232 6A 60                           	PUSH	96
   215 00000234 E8 [00000000]                   	CALL	_io_out8
   216 00000239 C9                              	LEAVE
   217 0000023A C3                              	RET
   218 0000023B                                 	GLOBAL	_enable_mouse
   219 0000023B                                 _enable_mouse:
   220 0000023B 55                              	PUSH	EBP
   221 0000023C 89 E5                           	MOV	EBP,ESP
   222 0000023E E8 FFFFFFC5                     	CALL	_wait_KBC_sendready
   223 00000243 68 000000D4                     	PUSH	212
   224 00000248 6A 64                           	PUSH	100
   225 0000024A E8 [00000000]                   	CALL	_io_out8
   226 0000024F E8 FFFFFFB4                     	CALL	_wait_KBC_sendready
   227 00000254 68 000000F4                     	PUSH	244
   228 00000259 6A 60                           	PUSH	96
   229 0000025B E8 [00000000]                   	CALL	_io_out8
   230 00000260 C9                              	LEAVE
   231 00000261 C3                              	RET
