     1 00000000                                 ; haribote-os boot asm
     2 00000000                                 ; TAB = 4
     3 00000000                                 
     4  = 00280000                              BOTPAK	EQU		0x00280000		; 
     5  = 00100000                              DSKCAC	EQU		0x00100000		;
     6  = 00008000                              DSKCAC0	EQU		0x00008000		;
     7 00000000                                 
     8 00000000                                 ; 有关BOOT-INFO
     9  = 00000FF0                              CYLS	EQU		0x0ff0			; 设定启动区
    10  = 00000FF1                              LEDS	EQU		0x0ff1
    11  = 00000FF2                              VMODE	EQU		0x0ff2			; 关于颜色数目的信息。颜色的位数
    12  = 00000FF4                              SCRNX	EQU		0x0ff4			; screen X
    13  = 00000FF6                              SCRNY	EQU		0x0ff6			; screen Y
    14  = 00000FF8                              VRAM	EQU		0x0ff8			; 图像缓冲区的开始地址
    15 00000000                                 
    16                                          		ORG		0xc200			; 
    17 0000C200                                 
    18 0000C200 B0 13                           		MOV		AL,0x13 		; VGA显卡，320x200x8位彩色
    19 0000C202 B4 00                           		MOV 	AH,0x00
    20 0000C204 CD 10                           		INT		0x10
    21 0000C206 C6 06 0FF2 08                   		MOV		BYTE [VMODE],8	; 记录画面模式
    22 0000C20B C7 06 0FF4 0140                 		MOV		WORD [SCRNX],320
    23 0000C211 C7 06 0FF6 00C8                 		MOV		WORD [SCRNY],200
    24 0000C217 66 C7 06 0FF8 000A0000          		MOV		DWORD [VRAM],0x000a0000
    25 0000C220                                 
    26 0000C220                                 ; 用BIOS取得键盘上各种LED指示灯的状态
    27 0000C220                                 
    28 0000C220 B4 02                           		MOV		AH,0x02
    29 0000C222 CD 16                           		INT		0x16			; keyboard BIOS
    30 0000C224 A2 0FF1                         		MOV		[LEDS],AL
    31 0000C227                                 
    32 0000C227 B0 FF                           		MOV		AL,0xff
    33 0000C229 E6 21                           		OUT		0x21,AL
    34 0000C22B 90                              		NOP		
    35 0000C22C E6 A1                           		OUT		0xa1,AL
    36 0000C22E                                 
    37 0000C22E FA                              		CLI
    38 0000C22F                                 
    39 0000C22F E8 3DCE                         		CALL 	waitbdout
      >> [ERROR #012] expression error.
    40 0000C232 B0 D1                           		MOV		AL,0xd1
    41 0000C234 E6 64                           		OUT		0x64,AL
    42 0000C236 E8 00AA                         		CALL	waitkbdout
    43 0000C239                                 		MOV		0x60,AL
      >> [ERROR #004] data type error.
    44 0000C239 E8 00A7                         		CALL	waitkbdout
    45 0000C23C                                 
    46 0000C23C                                 [INSTRSET "i486p"]				; 486‚Ì–½—ß‚Ü‚ÅŽg‚¢‚½‚¢‚Æ‚¢‚¤‹Lq
    47 0000C23C                                 
    48 0000C23C 0F 01 16 C32A                   		LGDT	[GDTR0]			; Žb’èGDT‚ðÝ’è
    49 0000C241 0F 20 C0                        		MOV		EAX,CR0
    50 0000C244 66 25 7FFFFFFF                  		AND		EAX,0x7fffffff	; bit31‚ð0‚É‚·‚éiƒy[ƒWƒ“ƒO‹ÖŽ~‚Ì‚½‚ßj
    51 0000C24A 66 83 C8 01                     		OR		EAX,0x00000001	; bit0‚ð1‚É‚·‚éiƒvƒƒeƒNƒgƒ‚[ƒhˆÚs‚Ì‚½‚ßj
    52 0000C24E 0F 22 C0                        		MOV		CR0,EAX
    53 0000C251 EB 00                           		JMP		pipelineflush
    54 0000C253                                 pipelineflush:
    55 0000C253 B8 0008                         		MOV		AX,1*8			;  “Ç‚Ý‘‚«‰Â”\ƒZƒOƒƒ“ƒg32bit
    56 0000C256 8E D8                           		MOV		DS,AX
    57 0000C258 8E C0                           		MOV		ES,AX
    58 0000C25A 8E E0                           		MOV		FS,AX
    59 0000C25C 8E E8                           		MOV		GS,AX
    60 0000C25E 8E D0                           		MOV		SS,AX
    61 0000C260                                 
    62 0000C260                                 ; bootpack‚Ì“]‘—
    63 0000C260                                 
    64 0000C260 66 BE 0000C330                  		MOV		ESI,bootpack	; “]‘—Œ³
    65 0000C266 66 BF 00280000                  		MOV		EDI,BOTPAK		; “]‘—æ
    66 0000C26C 66 B9 00020000                  		MOV		ECX,512*1024/4
    67 0000C272 E8 0075                         		CALL	memcpy
    68 0000C275                                 
    69 0000C275                                 ; ‚Â‚¢‚Å‚ÉƒfƒBƒXƒNƒf[ƒ^‚à–{—ˆ‚ÌˆÊ’u‚Ö“]‘—
    70 0000C275                                 
    71 0000C275                                 ; ‚Ü‚¸‚Íƒu[ƒgƒZƒNƒ^‚©‚ç
    72 0000C275                                 
    73 0000C275 66 BE 00007C00                  		MOV		ESI,0x7c00		; “]‘—Œ³
    74 0000C27B 66 BF 00100000                  		MOV		EDI,DSKCAC		; “]‘—æ
    75 0000C281 66 B9 00000080                  		MOV		ECX,512/4
    76 0000C287 E8 0060                         		CALL	memcpy
    77 0000C28A                                 
    78 0000C28A                                 ; Žc‚è‘S•”
    79 0000C28A                                 
    80 0000C28A 66 BE 00008200                  		MOV		ESI,DSKCAC0+512	; “]‘—Œ³
    81 0000C290 66 BF 00100200                  		MOV		EDI,DSKCAC+512	; “]‘—æ
    82 0000C296 66 B9 00000000                  		MOV		ECX,0
    83 0000C29C 8A 0E 0FF0                      		MOV		CL,BYTE [CYLS]
    84 0000C2A0 66 69 C9 00001200               		IMUL	ECX,512*18*2/4	; ƒVƒŠƒ“ƒ_”‚©‚çƒoƒCƒg”/4‚É•ÏŠ·
    85 0000C2A7 66 81 E9 00000080               		SUB		ECX,512/4		; IPL‚Ì•ª‚¾‚¯·‚µˆø‚­
    86 0000C2AE E8 0039                         		CALL	memcpy
    87 0000C2B1                                 
    88 0000C2B1                                 ; asmhead‚Å‚µ‚È‚¯‚ê‚Î‚¢‚¯‚È‚¢‚±‚Æ‚Í‘S•”‚µI‚í‚Á‚½‚Ì‚ÅA
    89 0000C2B1                                 ;	‚ ‚Æ‚Íbootpack‚É”C‚¹‚é
    90 0000C2B1                                 
    91 0000C2B1                                 ; bootpack‚Ì‹N“®
    92 0000C2B1                                 
    93 0000C2B1 66 BB 00280000                  		MOV		EBX,BOTPAK
    94 0000C2B7 67 66 8B 4B 10                  		MOV		ECX,[EBX+16]
    95 0000C2BC 66 83 C1 03                     		ADD		ECX,3			; ECX += 3;
    96 0000C2C0 66 C1 E9 02                     		SHR		ECX,2			; ECX /= 4;
    97 0000C2C4 74 10                           		JZ		skip			; “]‘—‚·‚é‚×‚«‚à‚Ì‚ª‚È‚¢
    98 0000C2C6 67 66 8B 73 14                  		MOV		ESI,[EBX+20]	; “]‘—Œ³
    99 0000C2CB 66 01 DE                        		ADD		ESI,EBX
   100 0000C2CE 67 66 8B 7B 0C                  		MOV		EDI,[EBX+12]	; “]‘—æ
   101 0000C2D3 E8 0014                         		CALL	memcpy
   102 0000C2D6                                 skip:
   103 0000C2D6 67 66 8B 63 0C                  		MOV		ESP,[EBX+12]	; ƒXƒ^ƒbƒN‰Šú’l
   104 0000C2DB 66 EA 0000001B 0010             		JMP		DWORD 2*8:0x0000001b
   105 0000C2E3                                 
   106 0000C2E3                                 waitkbdout:
   107 0000C2E3 E4 64                           		IN		 AL,0x64
   108 0000C2E5 24 02                           		AND		 AL,0x02
   109 0000C2E7 75 FA                           		JNZ		waitkbdout		; AND‚ÌŒ‹‰Ê‚ª0‚Å‚È‚¯‚ê‚Îwaitkbdout‚Ö
   110 0000C2E9 C3                              		RET
   111 0000C2EA                                 
   112 0000C2EA                                 memcpy:
   113 0000C2EA 67 66 8B 06                     		MOV		EAX,[ESI]
   114 0000C2EE 66 83 C6 04                     		ADD		ESI,4
   115 0000C2F2 67 66 89 07                     		MOV		[EDI],EAX
   116 0000C2F6 66 83 C7 04                     		ADD		EDI,4
   117 0000C2FA 66 83 E9 01                     		SUB		ECX,1
   118 0000C2FE 75 EA                           		JNZ		memcpy			; ˆø‚«ŽZ‚µ‚½Œ‹‰Ê‚ª0‚Å‚È‚¯‚ê‚Îmemcpy‚Ö
   119 0000C300 C3                              		RET
   120 0000C301                                 ; memcpy‚ÍƒAƒhƒŒƒXƒTƒCƒYƒvƒŠƒtƒBƒNƒX‚ð“ü‚ê–Y‚ê‚È‚¯‚ê‚ÎAƒXƒgƒŠƒ“ƒO–½—ß‚Å‚à‘‚¯‚é
   121 0000C301                                 
   122 0000C301 00 00 00 00 00 00 00 00 00 00   		ALIGNB	16
       0000C30B 00 00 00 00 00 
   123 0000C310                                 GDT0:
   124 0000C310 00 00 00 00 00 00 00 00         		RESB	8				; ƒkƒ‹ƒZƒŒƒNƒ^
   125 0000C318 FFFF 0000 9200 00CF             		DW		0xffff,0x0000,0x9200,0x00cf	; “Ç‚Ý‘‚«‰Â”\ƒZƒOƒƒ“ƒg32bit
   126 0000C320 FFFF 0000 9A28 0047             		DW		0xffff,0x0000,0x9a28,0x0047	; ŽÀs‰Â”\ƒZƒOƒƒ“ƒg32bitibootpack—pj
   127 0000C328                                 
   128 0000C328 0000                            		DW		0
   129 0000C32A                                 GDTR0:
   130 0000C32A 0017                            		DW		8*3-1
   131 0000C32C 0000C310                        		DD		GDT0
   132 0000C330                                 
   133 0000C330                                 		ALIGNB	16
   134 0000C330                                 bootpack:
